e:\programming\sp project\airline reservation system\airline reservation system\debug\airlinereservationsystem.start.resources
e:\programming\sp project\airline reservation system\airline reservation system\debug\airlinereservationsystem.adminlogin.resources
e:\programming\sp project\airline reservation system\airline reservation system\debug\airlinereservationsystem.passengersignup.resources
e:\programming\sp project\airline reservation system\airline reservation system\debug\airlinereservationsystem.signuporloginpassenger.resources
e:\programming\sp project\airline reservation system\airline reservation system\debug\airlinereservationsystem.passengerlogin.resources
e:\programming\sp project\airline reservation system\airline reservation system\debug\vc142.pdb
e:\programming\sp project\airline reservation system\airline reservation system\debug\.netframework,version=v4.6.1.assemblyattributes.obj
e:\programming\sp project\airline reservation system\airline reservation system\debug\start.obj
e:\programming\sp project\airline reservation system\airline reservation system\debug\passengersignup.obj
e:\programming\sp project\airline reservation system\airline reservation system\debug\adminlogin.obj
e:\programming\sp project\airline reservation system\airline reservation system\debug\signuporloginpassenger.obj
e:\programming\sp project\airline reservation system\airline reservation system\debug\passengerlogin.obj
e:\programming\sp project\airline reservation system\debug\airline reservation system.pdb
e:\programming\sp project\airline reservation system\debug\airline reservation system.exe
e:\programming\sp project\airline reservation system\airline reservation system\debug\airline .2ac770d7.tlog\airline reservation system.write.1u.tlog
e:\programming\sp project\airline reservation system\airline reservation system\debug\airline .2ac770d7.tlog\cl.command.1.tlog
e:\programming\sp project\airline reservation system\airline reservation system\debug\airline .2ac770d7.tlog\cl.read.1.tlog
e:\programming\sp project\airline reservation system\airline reservation system\debug\airline .2ac770d7.tlog\cl.write.1.tlog
e:\programming\sp project\airline reservation system\airline reservation system\debug\airline .2ac770d7.tlog\link.command.1.tlog
e:\programming\sp project\airline reservation system\airline reservation system\debug\airline .2ac770d7.tlog\link.read.1.tlog
e:\programming\sp project\airline reservation system\airline reservation system\debug\airline .2ac770d7.tlog\link.write.1.tlog
e:\programming\sp project\airline reservation system\airline reservation system\debug\airline .2ac770d7.tlog\metagen.read.1.tlog
e:\programming\sp project\airline reservation system\airline reservation system\debug\airline .2ac770d7.tlog\metagen.write.1.tlog
