g:\airline reservation system emtinan\gui\gui\debug\vc142.pdb
g:\airline reservation system emtinan\gui\gui\debug\.netframework,version=v4.6.1.assemblyattributes.obj
g:\airline reservation system emtinan\gui\gui\debug\bookaflight.obj
g:\airline reservation system emtinan\gui\gui\debug\gui.flightresults.resources
g:\airline reservation system emtinan\gui\gui\debug\gui.bookaflight.resources
g:\airline reservation system emtinan\gui\gui\debug\gui.adminlogin.resources
g:\airline reservation system emtinan\gui\gui\debug\gui.passengerlogin.resources
g:\airline reservation system emtinan\gui\gui\debug\gui.passengeroradmin.resources
g:\airline reservation system emtinan\gui\debug\gui.exe
g:\airline reservation system emtinan\gui\debug\gui.pdb
g:\airline reservation system emtinan\gui\gui\debug\airline reservation system.vcxproj.generateresource.cache
g:\airline reservation system emtinan\gui\gui\debug\airline reservation system.vcxprojassemblyreference.cache
g:\airline reservation system emtinan\gui\gui\debug\gui.vcxproj.assemblyreference.cache
g:\airline reservation system emtinan\gui\gui\debug\adminlogin.obj
g:\airline reservation system emtinan\gui\gui\debug\myform.obj
g:\airline reservation system emtinan\gui\gui\debug\myform2.obj
g:\airline reservation system emtinan\gui\gui\debug\passengerlogin.obj
g:\airline reservation system emtinan\gui\gui\debug\passengersignup.obj
g:\airline reservation system emtinan\gui\gui\debug\signuporloginpassenger.obj
g:\airline reservation system emtinan\gui\gui\debug\start.obj
g:\airline reservation system emtinan\gui\gui\debug\airlinereservationsystem.adminlogin.resources
g:\airline reservation system emtinan\gui\gui\debug\airlinereservationsystem.passengerlogin.resources
g:\airline reservation system emtinan\gui\gui\debug\airlinereservationsystem.passengersignup.resources
g:\airline reservation system emtinan\gui\gui\debug\airlinereservationsystem.signuporloginpassenger.resources
g:\airline reservation system emtinan\gui\gui\debug\airlinereservationsystem.start.resources
g:\airline reservation system emtinan\gui\gui\debug\gui.myform1.resources
g:\airline reservation system emtinan\gui\gui\debug\gui.myform2.resources
g:\airline reservation system emtinan\gui\gui\debug\gui.tlog\cl.command.1.tlog
g:\airline reservation system emtinan\gui\gui\debug\gui.tlog\cl.read.1.tlog
g:\airline reservation system emtinan\gui\gui\debug\gui.tlog\cl.write.1.tlog
g:\airline reservation system emtinan\gui\gui\debug\gui.tlog\gui.write.1u.tlog
g:\airline reservation system emtinan\gui\gui\debug\gui.tlog\link.command.1.tlog
g:\airline reservation system emtinan\gui\gui\debug\gui.tlog\link.read.1.tlog
g:\airline reservation system emtinan\gui\gui\debug\gui.tlog\link.write.1.tlog
g:\airline reservation system emtinan\gui\gui\debug\gui.tlog\metagen.read.1.tlog
g:\airline reservation system emtinan\gui\gui\debug\gui.tlog\metagen.write.1.tlog
